[337] Log opened at 2026-03-05 14:53:10.132458
[337] [Config] INFO: Control socket set up successfully: '@xdebug-ctrl.337'
[337] [Step Debug] INFO: Checking for client discovery headers: 'HTTP_X_FORWARDED_FOR,REMOTE_ADDR'.
[337] [Step Debug] INFO: Checking header 'HTTP_X_FORWARDED_FOR'.
[337] [Step Debug] INFO: Checking header 'REMOTE_ADDR'.
[337] [Step Debug] WARN: Could not discover client host through HTTP headers, connecting to configured address/port: host.docker.internal:9003.
[337] [Step Debug] WARN: Creating socket for 'host.docker.internal:9003', poll success, but error: Operation now in progress (29).
[337] [Step Debug] WARN: Creating socket for 'host.docker.internal:9003', connect: Network is unreachable.
[337] [Step Debug] ERR: Could not connect to debugging client. Tried: host.docker.internal:9003 (fallback through xdebug.client_host/xdebug.client_port).
[337] Log closed at 2026-03-05 14:53:10.900880

[339] Log opened at 2026-03-05 14:53:41.256414
[339] [Config] INFO: Control socket set up successfully: '@xdebug-ctrl.339'
[339] [Step Debug] INFO: Checking for client discovery headers: 'HTTP_X_FORWARDED_FOR,REMOTE_ADDR'.
[339] [Step Debug] INFO: Checking header 'HTTP_X_FORWARDED_FOR'.
[339] [Step Debug] INFO: Checking header 'REMOTE_ADDR'.
[339] [Step Debug] WARN: Could not discover client host through HTTP headers, connecting to configured address/port: host.docker.internal:9003.
[339] [Step Debug] WARN: Creating socket for 'host.docker.internal:9003', poll success, but error: Operation now in progress (29).
[339] [Step Debug] WARN: Creating socket for 'host.docker.internal:9003', connect: Network is unreachable.
[339] [Step Debug] ERR: Could not connect to debugging client. Tried: host.docker.internal:9003 (fallback through xdebug.client_host/xdebug.client_port).
[339] Log closed at 2026-03-05 14:53:41.372984

[341] Log opened at 2026-03-05 14:54:17.315318
[341] [Config] INFO: Control socket set up successfully: '@xdebug-ctrl.341'
[341] [Step Debug] INFO: Checking for client discovery headers: 'HTTP_X_FORWARDED_FOR,REMOTE_ADDR'.
[341] [Step Debug] INFO: Checking header 'HTTP_X_FORWARDED_FOR'.
[341] [Step Debug] INFO: Checking header 'REMOTE_ADDR'.
[341] [Step Debug] WARN: Could not discover client host through HTTP headers, connecting to configured address/port: host.docker.internal:9003.
[341] [Step Debug] WARN: Creating socket for 'host.docker.internal:9003', poll success, but error: Operation now in progress (29).
[341] [Step Debug] WARN: Creating socket for 'host.docker.internal:9003', connect: Network is unreachable.
[341] [Step Debug] ERR: Could not connect to debugging client. Tried: host.docker.internal:9003 (fallback through xdebug.client_host/xdebug.client_port).
[341] Log closed at 2026-03-05 14:54:17.416220

[343] Log opened at 2026-03-05 14:55:18.178374
[343] [Config] INFO: Control socket set up successfully: '@xdebug-ctrl.343'
[343] [Step Debug] INFO: Checking for client discovery headers: 'HTTP_X_FORWARDED_FOR,REMOTE_ADDR'.
[343] [Step Debug] INFO: Checking header 'HTTP_X_FORWARDED_FOR'.
[343] [Step Debug] INFO: Checking header 'REMOTE_ADDR'.
[343] [Step Debug] WARN: Could not discover client host through HTTP headers, connecting to configured address/port: host.docker.internal:9003.
[343] [Step Debug] WARN: Creating socket for 'host.docker.internal:9003', poll success, but error: Operation now in progress (29).
[343] [Step Debug] WARN: Creating socket for 'host.docker.internal:9003', connect: Network is unreachable.
[343] [Step Debug] ERR: Could not connect to debugging client. Tried: host.docker.internal:9003 (fallback through xdebug.client_host/xdebug.client_port).
[343] [Step Debug] INFO: Checking for client discovery headers: 'HTTP_X_FORWARDED_FOR,REMOTE_ADDR'.
[343] [Step Debug] INFO: Checking header 'HTTP_X_FORWARDED_FOR'.
[343] [Step Debug] INFO: Checking header 'REMOTE_ADDR'.
[343] [Step Debug] WARN: Could not discover client host through HTTP headers, connecting to configured address/port: host.docker.internal:9003.
[343] [Step Debug] WARN: Creating socket for 'host.docker.internal:9003', poll success, but error: Operation now in progress (29).
[343] [Step Debug] WARN: Creating socket for 'host.docker.internal:9003', connect: Network is unreachable.
[343] [Step Debug] ERR: Could not connect to debugging client. Tried: host.docker.internal:9003 (fallback through xdebug.client_host/xdebug.client_port).
[343] Log closed at 2026-03-05 14:55:18.292599

[345] Log opened at 2026-03-05 14:55:30.227164
[345] [Config] INFO: Control socket set up successfully: '@xdebug-ctrl.345'
[345] [Step Debug] INFO: Checking for client discovery headers: 'HTTP_X_FORWARDED_FOR,REMOTE_ADDR'.
[345] [Step Debug] INFO: Checking header 'HTTP_X_FORWARDED_FOR'.
[345] [Step Debug] INFO: Checking header 'REMOTE_ADDR'.
[345] [Step Debug] WARN: Could not discover client host through HTTP headers, connecting to configured address/port: host.docker.internal:9003.
[345] [Step Debug] WARN: Creating socket for 'host.docker.internal:9003', poll success, but error: Operation now in progress (29).
[345] [Step Debug] WARN: Creating socket for 'host.docker.internal:9003', connect: Network is unreachable.
[345] [Step Debug] ERR: Could not connect to debugging client. Tried: host.docker.internal:9003 (fallback through xdebug.client_host/xdebug.client_port).
[345] [Step Debug] INFO: Checking for client discovery headers: 'HTTP_X_FORWARDED_FOR,REMOTE_ADDR'.
[345] [Step Debug] INFO: Checking header 'HTTP_X_FORWARDED_FOR'.
[345] [Step Debug] INFO: Checking header 'REMOTE_ADDR'.
[345] [Step Debug] WARN: Could not discover client host through HTTP headers, connecting to configured address/port: host.docker.internal:9003.
[345] [Step Debug] WARN: Creating socket for 'host.docker.internal:9003', poll success, but error: Operation now in progress (29).
[345] [Step Debug] WARN: Creating socket for 'host.docker.internal:9003', connect: Network is unreachable.
[345] [Step Debug] ERR: Could not connect to debugging client. Tried: host.docker.internal:9003 (fallback through xdebug.client_host/xdebug.client_port).
[345] Log closed at 2026-03-05 14:55:30.328471

[347] Log opened at 2026-03-05 14:55:43.594245
[347] [Config] INFO: Control socket set up successfully: '@xdebug-ctrl.347'
[347] [Step Debug] INFO: Checking for client discovery headers: 'HTTP_X_FORWARDED_FOR,REMOTE_ADDR'.
[347] [Step Debug] INFO: Checking header 'HTTP_X_FORWARDED_FOR'.
[347] [Step Debug] INFO: Checking header 'REMOTE_ADDR'.
[347] [Step Debug] WARN: Could not discover client host through HTTP headers, connecting to configured address/port: host.docker.internal:9003.
[347] [Step Debug] WARN: Creating socket for 'host.docker.internal:9003', poll success, but error: Operation now in progress (29).
[347] [Step Debug] WARN: Creating socket for 'host.docker.internal:9003', connect: Network is unreachable.
[347] [Step Debug] ERR: Could not connect to debugging client. Tried: host.docker.internal:9003 (fallback through xdebug.client_host/xdebug.client_port).
[347] [Step Debug] INFO: Checking for client discovery headers: 'HTTP_X_FORWARDED_FOR,REMOTE_ADDR'.
[347] [Step Debug] INFO: Checking header 'HTTP_X_FORWARDED_FOR'.
[347] [Step Debug] INFO: Checking header 'REMOTE_ADDR'.
[347] [Step Debug] WARN: Could not discover client host through HTTP headers, connecting to configured address/port: host.docker.internal:9003.
[347] [Step Debug] WARN: Creating socket for 'host.docker.internal:9003', poll success, but error: Operation now in progress (29).
[347] [Step Debug] WARN: Creating socket for 'host.docker.internal:9003', connect: Network is unreachable.
[347] [Step Debug] ERR: Could not connect to debugging client. Tried: host.docker.internal:9003 (fallback through xdebug.client_host/xdebug.client_port).
[347] Log closed at 2026-03-05 14:55:43.690700

[349] Log opened at 2026-03-05 14:55:52.547770
[349] [Config] INFO: Control socket set up successfully: '@xdebug-ctrl.349'
[349] [Step Debug] INFO: Checking for client discovery headers: 'HTTP_X_FORWARDED_FOR,REMOTE_ADDR'.
[349] [Step Debug] INFO: Checking header 'HTTP_X_FORWARDED_FOR'.
[349] [Step Debug] INFO: Checking header 'REMOTE_ADDR'.
[349] [Step Debug] WARN: Could not discover client host through HTTP headers, connecting to configured address/port: host.docker.internal:9003.
[349] [Step Debug] WARN: Creating socket for 'host.docker.internal:9003', poll success, but error: Operation now in progress (29).
[349] [Step Debug] WARN: Creating socket for 'host.docker.internal:9003', connect: Network is unreachable.
[349] [Step Debug] ERR: Could not connect to debugging client. Tried: host.docker.internal:9003 (fallback through xdebug.client_host/xdebug.client_port).
[349] [Step Debug] INFO: Checking for client discovery headers: 'HTTP_X_FORWARDED_FOR,REMOTE_ADDR'.
[349] [Step Debug] INFO: Checking header 'HTTP_X_FORWARDED_FOR'.
[349] [Step Debug] INFO: Checking header 'REMOTE_ADDR'.
[349] [Step Debug] WARN: Could not discover client host through HTTP headers, connecting to configured address/port: host.docker.internal:9003.
[349] [Step Debug] WARN: Creating socket for 'host.docker.internal:9003', poll success, but error: Operation now in progress (29).
[349] [Step Debug] WARN: Creating socket for 'host.docker.internal:9003', connect: Network is unreachable.
[349] [Step Debug] ERR: Could not connect to debugging client. Tried: host.docker.internal:9003 (fallback through xdebug.client_host/xdebug.client_port).
[349] Log closed at 2026-03-05 14:55:52.656159

[351] Log opened at 2026-03-05 14:56:14.274596
[351] [Config] INFO: Control socket set up successfully: '@xdebug-ctrl.351'
[351] [Step Debug] INFO: Checking for client discovery headers: 'HTTP_X_FORWARDED_FOR,REMOTE_ADDR'.
[351] [Step Debug] INFO: Checking header 'HTTP_X_FORWARDED_FOR'.
[351] [Step Debug] INFO: Checking header 'REMOTE_ADDR'.
[351] [Step Debug] WARN: Could not discover client host through HTTP headers, connecting to configured address/port: host.docker.internal:9003.
[351] [Step Debug] WARN: Creating socket for 'host.docker.internal:9003', poll success, but error: Operation now in progress (29).
[351] [Step Debug] WARN: Creating socket for 'host.docker.internal:9003', connect: Network is unreachable.
[351] [Step Debug] ERR: Could not connect to debugging client. Tried: host.docker.internal:9003 (fallback through xdebug.client_host/xdebug.client_port).
[351] Log closed at 2026-03-05 14:56:14.407612

[353] Log opened at 2026-03-05 19:09:36.232821
[353] [Config] INFO: Control socket set up successfully: '@xdebug-ctrl.353'
[353] [Step Debug] INFO: Checking for client discovery headers: 'HTTP_X_FORWARDED_FOR,REMOTE_ADDR'.
[353] [Step Debug] INFO: Checking header 'HTTP_X_FORWARDED_FOR'.
[353] [Step Debug] INFO: Checking header 'REMOTE_ADDR'.
[353] [Step Debug] WARN: Could not discover client host through HTTP headers, connecting to configured address/port: host.docker.internal:9003.
[353] [Step Debug] WARN: Creating socket for 'host.docker.internal:9003', poll success, but error: Operation now in progress (29).
[353] [Step Debug] WARN: Creating socket for 'host.docker.internal:9003', connect: Network is unreachable.
[353] [Step Debug] ERR: Could not connect to debugging client. Tried: host.docker.internal:9003 (fallback through xdebug.client_host/xdebug.client_port).
[353] Log closed at 2026-03-05 19:09:36.432303

[355] Log opened at 2026-03-05 19:19:31.744821
[355] [Config] INFO: Control socket set up successfully: '@xdebug-ctrl.355'
[355] [Step Debug] INFO: Checking for client discovery headers: 'HTTP_X_FORWARDED_FOR,REMOTE_ADDR'.
[355] [Step Debug] INFO: Checking header 'HTTP_X_FORWARDED_FOR'.
[355] [Step Debug] INFO: Checking header 'REMOTE_ADDR'.
[355] [Step Debug] WARN: Could not discover client host through HTTP headers, connecting to configured address/port: host.docker.internal:9003.
[355] [Step Debug] WARN: Creating socket for 'host.docker.internal:9003', poll success, but error: Operation now in progress (29).
[355] [Step Debug] WARN: Creating socket for 'host.docker.internal:9003', connect: Network is unreachable.
[355] [Step Debug] ERR: Could not connect to debugging client. Tried: host.docker.internal:9003 (fallback through xdebug.client_host/xdebug.client_port).
[355] Log closed at 2026-03-05 19:19:32.245710

[357] Log opened at 2026-03-05 19:20:43.496030
[357] [Config] INFO: Control socket set up successfully: '@xdebug-ctrl.357'
[357] [Step Debug] INFO: Checking for client discovery headers: 'HTTP_X_FORWARDED_FOR,REMOTE_ADDR'.
[357] [Step Debug] INFO: Checking header 'HTTP_X_FORWARDED_FOR'.
[357] [Step Debug] INFO: Checking header 'REMOTE_ADDR'.
[357] [Step Debug] WARN: Could not discover client host through HTTP headers, connecting to configured address/port: host.docker.internal:9003.
[357] [Step Debug] WARN: Creating socket for 'host.docker.internal:9003', poll success, but error: Operation now in progress (29).
[357] [Step Debug] WARN: Creating socket for 'host.docker.internal:9003', connect: Network is unreachable.
[357] [Step Debug] ERR: Could not connect to debugging client. Tried: host.docker.internal:9003 (fallback through xdebug.client_host/xdebug.client_port).
[357] Log closed at 2026-03-05 19:20:43.943866

[359] Log opened at 2026-03-05 19:24:18.741253
[359] [Config] INFO: Control socket set up successfully: '@xdebug-ctrl.359'
[359] [Step Debug] INFO: Checking for client discovery headers: 'HTTP_X_FORWARDED_FOR,REMOTE_ADDR'.
[359] [Step Debug] INFO: Checking header 'HTTP_X_FORWARDED_FOR'.
[359] [Step Debug] INFO: Checking header 'REMOTE_ADDR'.
[359] [Step Debug] WARN: Could not discover client host through HTTP headers, connecting to configured address/port: host.docker.internal:9003.
[359] [Step Debug] WARN: Creating socket for 'host.docker.internal:9003', poll success, but error: Operation now in progress (29).
[359] [Step Debug] WARN: Creating socket for 'host.docker.internal:9003', connect: Network is unreachable.
[359] [Step Debug] ERR: Could not connect to debugging client. Tried: host.docker.internal:9003 (fallback through xdebug.client_host/xdebug.client_port).
[359] Log closed at 2026-03-05 19:24:19.460770

[361] Log opened at 2026-03-05 19:25:50.251501
[361] [Config] INFO: Control socket set up successfully: '@xdebug-ctrl.361'
[361] [Step Debug] INFO: Checking for client discovery headers: 'HTTP_X_FORWARDED_FOR,REMOTE_ADDR'.
[361] [Step Debug] INFO: Checking header 'HTTP_X_FORWARDED_FOR'.
[361] [Step Debug] INFO: Checking header 'REMOTE_ADDR'.
[361] [Step Debug] WARN: Could not discover client host through HTTP headers, connecting to configured address/port: host.docker.internal:9003.
[361] [Step Debug] WARN: Creating socket for 'host.docker.internal:9003', poll success, but error: Operation now in progress (29).
[361] [Step Debug] WARN: Creating socket for 'host.docker.internal:9003', connect: Network is unreachable.
[361] [Step Debug] ERR: Could not connect to debugging client. Tried: host.docker.internal:9003 (fallback through xdebug.client_host/xdebug.client_port).
[361] Log closed at 2026-03-05 19:25:50.364344

[363] Log opened at 2026-03-05 19:27:36.869788
[363] [Config] INFO: Control socket set up successfully: '@xdebug-ctrl.363'
[363] [Step Debug] INFO: Checking for client discovery headers: 'HTTP_X_FORWARDED_FOR,REMOTE_ADDR'.
[363] [Step Debug] INFO: Checking header 'HTTP_X_FORWARDED_FOR'.
[363] [Step Debug] INFO: Checking header 'REMOTE_ADDR'.
[363] [Step Debug] WARN: Could not discover client host through HTTP headers, connecting to configured address/port: host.docker.internal:9003.
[363] [Step Debug] WARN: Creating socket for 'host.docker.internal:9003', poll success, but error: Operation now in progress (29).
[363] [Step Debug] WARN: Creating socket for 'host.docker.internal:9003', connect: Network is unreachable.
[363] [Step Debug] ERR: Could not connect to debugging client. Tried: host.docker.internal:9003 (fallback through xdebug.client_host/xdebug.client_port).
[363] Log closed at 2026-03-05 19:27:36.986838

[365] Log opened at 2026-03-05 19:27:58.785542
[365] [Config] INFO: Control socket set up successfully: '@xdebug-ctrl.365'
[365] [Step Debug] INFO: Checking for client discovery headers: 'HTTP_X_FORWARDED_FOR,REMOTE_ADDR'.
[365] [Step Debug] INFO: Checking header 'HTTP_X_FORWARDED_FOR'.
[365] [Step Debug] INFO: Checking header 'REMOTE_ADDR'.
[365] [Step Debug] WARN: Could not discover client host through HTTP headers, connecting to configured address/port: host.docker.internal:9003.
[365] [Step Debug] WARN: Creating socket for 'host.docker.internal:9003', poll success, but error: Operation now in progress (29).
[365] [Step Debug] WARN: Creating socket for 'host.docker.internal:9003', connect: Network is unreachable.
[365] [Step Debug] ERR: Could not connect to debugging client. Tried: host.docker.internal:9003 (fallback through xdebug.client_host/xdebug.client_port).
[365] Log closed at 2026-03-05 19:27:58.893675

[367] Log opened at 2026-03-05 19:31:15.601672
[367] [Config] INFO: Control socket set up successfully: '@xdebug-ctrl.367'
[367] [Step Debug] INFO: Checking for client discovery headers: 'HTTP_X_FORWARDED_FOR,REMOTE_ADDR'.
[367] [Step Debug] INFO: Checking header 'HTTP_X_FORWARDED_FOR'.
[367] [Step Debug] INFO: Checking header 'REMOTE_ADDR'.
[367] [Step Debug] WARN: Could not discover client host through HTTP headers, connecting to configured address/port: host.docker.internal:9003.
[367] [Step Debug] WARN: Creating socket for 'host.docker.internal:9003', poll success, but error: Operation now in progress (29).
[367] [Step Debug] WARN: Creating socket for 'host.docker.internal:9003', connect: Network is unreachable.
[367] [Step Debug] ERR: Could not connect to debugging client. Tried: host.docker.internal:9003 (fallback through xdebug.client_host/xdebug.client_port).
[367] Log closed at 2026-03-05 19:31:15.731974

[369] Log opened at 2026-03-05 19:32:25.838754
[369] [Config] INFO: Control socket set up successfully: '@xdebug-ctrl.369'
[369] [Step Debug] INFO: Checking for client discovery headers: 'HTTP_X_FORWARDED_FOR,REMOTE_ADDR'.
[369] [Step Debug] INFO: Checking header 'HTTP_X_FORWARDED_FOR'.
[369] [Step Debug] INFO: Checking header 'REMOTE_ADDR'.
[369] [Step Debug] WARN: Could not discover client host through HTTP headers, connecting to configured address/port: host.docker.internal:9003.
[369] [Step Debug] WARN: Creating socket for 'host.docker.internal:9003', poll success, but error: Operation now in progress (29).
[369] [Step Debug] WARN: Creating socket for 'host.docker.internal:9003', connect: Network is unreachable.
[369] [Step Debug] ERR: Could not connect to debugging client. Tried: host.docker.internal:9003 (fallback through xdebug.client_host/xdebug.client_port).
[369] Log closed at 2026-03-05 19:32:25.966510

[371] Log opened at 2026-03-05 19:33:11.235214
[371] [Config] INFO: Control socket set up successfully: '@xdebug-ctrl.371'
[371] [Step Debug] INFO: Checking for client discovery headers: 'HTTP_X_FORWARDED_FOR,REMOTE_ADDR'.
[371] [Step Debug] INFO: Checking header 'HTTP_X_FORWARDED_FOR'.
[371] [Step Debug] INFO: Checking header 'REMOTE_ADDR'.
[371] [Step Debug] WARN: Could not discover client host through HTTP headers, connecting to configured address/port: host.docker.internal:9003.
[371] [Step Debug] WARN: Creating socket for 'host.docker.internal:9003', poll success, but error: Operation now in progress (29).
[371] [Step Debug] WARN: Creating socket for 'host.docker.internal:9003', connect: Network is unreachable.
[371] [Step Debug] ERR: Could not connect to debugging client. Tried: host.docker.internal:9003 (fallback through xdebug.client_host/xdebug.client_port).
[371] Log closed at 2026-03-05 19:33:11.365798

[373] Log opened at 2026-03-05 19:33:41.831576
[373] [Config] INFO: Control socket set up successfully: '@xdebug-ctrl.373'
[373] [Step Debug] INFO: Checking for client discovery headers: 'HTTP_X_FORWARDED_FOR,REMOTE_ADDR'.
[373] [Step Debug] INFO: Checking header 'HTTP_X_FORWARDED_FOR'.
[373] [Step Debug] INFO: Checking header 'REMOTE_ADDR'.
[373] [Step Debug] WARN: Could not discover client host through HTTP headers, connecting to configured address/port: host.docker.internal:9003.
[373] [Step Debug] WARN: Creating socket for 'host.docker.internal:9003', poll success, but error: Operation now in progress (29).
[373] [Step Debug] WARN: Creating socket for 'host.docker.internal:9003', connect: Network is unreachable.
[373] [Step Debug] ERR: Could not connect to debugging client. Tried: host.docker.internal:9003 (fallback through xdebug.client_host/xdebug.client_port).
[373] Log closed at 2026-03-05 19:33:41.959567

[375] Log opened at 2026-03-05 19:34:16.829640
[375] [Config] INFO: Control socket set up successfully: '@xdebug-ctrl.375'
[375] [Step Debug] INFO: Checking for client discovery headers: 'HTTP_X_FORWARDED_FOR,REMOTE_ADDR'.
[375] [Step Debug] INFO: Checking header 'HTTP_X_FORWARDED_FOR'.
[375] [Step Debug] INFO: Checking header 'REMOTE_ADDR'.
[375] [Step Debug] WARN: Could not discover client host through HTTP headers, connecting to configured address/port: host.docker.internal:9003.
[375] [Step Debug] WARN: Creating socket for 'host.docker.internal:9003', poll success, but error: Operation now in progress (29).
[375] [Step Debug] WARN: Creating socket for 'host.docker.internal:9003', connect: Network is unreachable.
[375] [Step Debug] ERR: Could not connect to debugging client. Tried: host.docker.internal:9003 (fallback through xdebug.client_host/xdebug.client_port).
[375] Log closed at 2026-03-05 19:34:16.959071

[15] Log opened at 2026-03-09 10:32:50.682757
[15] [Config] INFO: Control socket set up successfully: '@xdebug-ctrl.15'
[15] [Step Debug] INFO: Checking for client discovery headers: 'HTTP_X_FORWARDED_FOR,REMOTE_ADDR'.
[15] [Step Debug] INFO: Checking header 'HTTP_X_FORWARDED_FOR'.
[15] [Step Debug] INFO: Checking header 'REMOTE_ADDR'.
[15] [Step Debug] WARN: Could not discover client host through HTTP headers, connecting to configured address/port: host.docker.internal:9003.
[15] [Step Debug] WARN: Creating socket for 'host.docker.internal:9003', poll success, but error: Operation now in progress (29).
[15] [Step Debug] WARN: Creating socket for 'host.docker.internal:9003', connect: Network is unreachable.
[15] [Step Debug] ERR: Could not connect to debugging client. Tried: host.docker.internal:9003 (fallback through xdebug.client_host/xdebug.client_port).
[15] Log closed at 2026-03-09 10:32:50.882051

[17] Log opened at 2026-03-09 10:42:37.998755
[17] [Config] INFO: Control socket set up successfully: '@xdebug-ctrl.17'
[17] [Step Debug] INFO: Checking for client discovery headers: 'HTTP_X_FORWARDED_FOR,REMOTE_ADDR'.
[17] [Step Debug] INFO: Checking header 'HTTP_X_FORWARDED_FOR'.
[17] [Step Debug] INFO: Checking header 'REMOTE_ADDR'.
[17] [Step Debug] WARN: Could not discover client host through HTTP headers, connecting to configured address/port: host.docker.internal:9003.
[17] [Step Debug] WARN: Creating socket for 'host.docker.internal:9003', poll success, but error: Operation now in progress (29).
[17] [Step Debug] WARN: Creating socket for 'host.docker.internal:9003', connect: Network is unreachable.
[17] [Step Debug] ERR: Could not connect to debugging client. Tried: host.docker.internal:9003 (fallback through xdebug.client_host/xdebug.client_port).
[54] Log opened at 2026-03-09 10:42:40.251347
[54] [Config] INFO: Control socket set up successfully: '@xdebug-ctrl.54'
[54] [Step Debug] INFO: Checking for client discovery headers: 'HTTP_X_FORWARDED_FOR,REMOTE_ADDR'.
[54] [Step Debug] INFO: Checking header 'HTTP_X_FORWARDED_FOR'.
[54] [Step Debug] INFO: Checking header 'REMOTE_ADDR'.
[54] [Step Debug] WARN: Could not discover client host through HTTP headers, connecting to configured address/port: host.docker.internal:9003.
[54] [Step Debug] WARN: Creating socket for 'host.docker.internal:9003', poll success, but error: Operation now in progress (29).
[54] [Step Debug] WARN: Creating socket for 'host.docker.internal:9003', connect: Network is unreachable.
[54] [Step Debug] ERR: Could not connect to debugging client. Tried: host.docker.internal:9003 (fallback through xdebug.client_host/xdebug.client_port).
[54] Log closed at 2026-03-09 10:42:41.279397

[58] Log opened at 2026-03-09 10:42:41.295209
[58] [Config] INFO: Control socket set up successfully: '@xdebug-ctrl.58'
[58] [Step Debug] INFO: Checking for client discovery headers: 'HTTP_X_FORWARDED_FOR,REMOTE_ADDR'.
[58] [Step Debug] INFO: Checking header 'HTTP_X_FORWARDED_FOR'.
[58] [Step Debug] INFO: Checking header 'REMOTE_ADDR'.
[58] [Step Debug] WARN: Could not discover client host through HTTP headers, connecting to configured address/port: host.docker.internal:9003.
[58] [Step Debug] WARN: Creating socket for 'host.docker.internal:9003', poll success, but error: Operation now in progress (29).
[58] [Step Debug] WARN: Creating socket for 'host.docker.internal:9003', connect: Network is unreachable.
[58] [Step Debug] ERR: Could not connect to debugging client. Tried: host.docker.internal:9003 (fallback through xdebug.client_host/xdebug.client_port).
[58] Log closed at 2026-03-09 10:42:41.356797

[17] Log closed at 2026-03-09 10:42:42.086941

[63] Log opened at 2026-03-09 10:43:52.910503
[63] [Config] INFO: Control socket set up successfully: '@xdebug-ctrl.63'
[63] [Step Debug] INFO: Checking for client discovery headers: 'HTTP_X_FORWARDED_FOR,REMOTE_ADDR'.
[63] [Step Debug] INFO: Checking header 'HTTP_X_FORWARDED_FOR'.
[63] [Step Debug] INFO: Checking header 'REMOTE_ADDR'.
[63] [Step Debug] WARN: Could not discover client host through HTTP headers, connecting to configured address/port: host.docker.internal:9003.
[63] [Step Debug] WARN: Creating socket for 'host.docker.internal:9003', poll success, but error: Operation now in progress (29).
[63] [Step Debug] WARN: Creating socket for 'host.docker.internal:9003', connect: Network is unreachable.
[63] [Step Debug] ERR: Could not connect to debugging client. Tried: host.docker.internal:9003 (fallback through xdebug.client_host/xdebug.client_port).
[63] Log closed at 2026-03-09 10:43:52.991875

[65] Log opened at 2026-03-09 10:44:20.660085
[65] [Config] INFO: Control socket set up successfully: '@xdebug-ctrl.65'
[65] [Step Debug] INFO: Checking for client discovery headers: 'HTTP_X_FORWARDED_FOR,REMOTE_ADDR'.
[65] [Step Debug] INFO: Checking header 'HTTP_X_FORWARDED_FOR'.
[65] [Step Debug] INFO: Checking header 'REMOTE_ADDR'.
[65] [Step Debug] WARN: Could not discover client host through HTTP headers, connecting to configured address/port: host.docker.internal:9003.
[65] [Step Debug] WARN: Creating socket for 'host.docker.internal:9003', poll success, but error: Operation now in progress (29).
[65] [Step Debug] WARN: Creating socket for 'host.docker.internal:9003', connect: Network is unreachable.
[65] [Step Debug] ERR: Could not connect to debugging client. Tried: host.docker.internal:9003 (fallback through xdebug.client_host/xdebug.client_port).
[76] Log opened at 2026-03-09 10:46:40.772174
[76] [Config] INFO: Control socket set up successfully: '@xdebug-ctrl.76'
[76] [Step Debug] INFO: Checking for client discovery headers: 'HTTP_X_FORWARDED_FOR,REMOTE_ADDR'.
[76] [Step Debug] INFO: Checking header 'HTTP_X_FORWARDED_FOR'.
[76] [Step Debug] INFO: Checking header 'REMOTE_ADDR'.
[76] [Step Debug] WARN: Could not discover client host through HTTP headers, connecting to configured address/port: host.docker.internal:9003.
[76] [Step Debug] WARN: Creating socket for 'host.docker.internal:9003', poll success, but error: Operation now in progress (29).
[76] [Step Debug] WARN: Creating socket for 'host.docker.internal:9003', connect: Network is unreachable.
[76] [Step Debug] ERR: Could not connect to debugging client. Tried: host.docker.internal:9003 (fallback through xdebug.client_host/xdebug.client_port).
[76] Log closed at 2026-03-09 10:46:40.875269

[87] Log opened at 2026-03-09 10:46:40.884134
[87] [Config] INFO: Control socket set up successfully: '@xdebug-ctrl.87'
[87] [Step Debug] INFO: Checking for client discovery headers: 'HTTP_X_FORWARDED_FOR,REMOTE_ADDR'.
[87] [Step Debug] INFO: Checking header 'HTTP_X_FORWARDED_FOR'.
[87] [Step Debug] INFO: Checking header 'REMOTE_ADDR'.
[87] [Step Debug] WARN: Could not discover client host through HTTP headers, connecting to configured address/port: host.docker.internal:9003.
[87] [Step Debug] WARN: Creating socket for 'host.docker.internal:9003', poll success, but error: Operation now in progress (29).
[87] [Step Debug] WARN: Creating socket for 'host.docker.internal:9003', connect: Network is unreachable.
[87] [Step Debug] ERR: Could not connect to debugging client. Tried: host.docker.internal:9003 (fallback through xdebug.client_host/xdebug.client_port).
[87] Log closed at 2026-03-09 10:46:40.981986

[65] Log closed at 2026-03-09 10:46:40.989823

